#
# There is insufficient memory for the Java Runtime Environment to continue.
# Native memory allocation (malloc) failed to allocate 1971056 bytes for Chunk::new
# Possible reasons:
#   The system is out of physical RAM or swap space
#   The process is running with CompressedOops enabled, and the Java Heap may be blocking the growth of the native heap
# Possible solutions:
#   Reduce memory load on the system
#   Increase physical memory or swap space
#   Check if swap backing store is full
#   Decrease Java heap size (-Xmx/-Xms)
#   Decrease number of Java threads
#   Decrease Java thread stack sizes (-Xss)
#   Set larger code cache with -XX:ReservedCodeCacheSize=
#   JVM is running with Zero Based Compressed Oops mode in which the Java heap is
#     placed in the first 32GB address space. The Java Heap base address is the
#     maximum limit for the native heap growth. Please use -XX:HeapBaseMinAddress
#     to set the Java Heap base and to place the Java Heap above 32GB virtual address.
# This output file may be truncated or incomplete.
#
#  Out of Memory Error (./src/hotspot/share/memory/arena.cpp:197), pid=1860, tid=7428
#
# JRE version: OpenJDK Runtime Environment JBR-11.0.11.9-1504.16-jcef (11.0.11+9) (build 11.0.11+9-b1504.16)
# Java VM: OpenJDK 64-Bit Server VM JBR-11.0.11.9-1504.16-jcef (11.0.11+9-b1504.16, mixed mode, tiered, compressed oops, g1 gc, windows-amd64)
# No core dump will be written. Minidumps are not enabled by default on client versions of Windows
#

---------------  S U M M A R Y ------------

Command Line: org.jetbrains.kotlin.cli.jvm.K2JVMCompiler @D:\Skillbox\Android_lvl2\android_lvl2\views_and_animations\app\build\20210913_3903055986311549768.compiler.options

Host: Intel(R) Core(TM) i5-8250U CPU @ 1.60GHz, 8 cores, 15G,  Windows 10 , 64 bit Build 22000 (10.0.22000.120)
Time: Mon Sep 13 20:13:55 2021 Russia TZ 2 Standard Time elapsed time: 2.688207 seconds (0d 0h 0m 2s)

---------------  T H R E A D  ---------------

Current thread (0x00000212f9135800):  JavaThread "C2 CompilerThread0" daemon [_thread_in_native, id=7428, stack(0x000000d193300000,0x000000d193400000)]


Current CompileTask:
C2:   2688 2903       4       java.lang.ClassLoader::loadClass (7 bytes)

Stack: [0x000000d193300000,0x000000d193400000]
Native frames: (J=compiled Java code, j=interpreted, Vv=VM code, C=native code)
V  [jvm.dll+0x5f5d5a]
V  [jvm.dll+0x7798b5]
V  [jvm.dll+0x77aecd]
V  [jvm.dll+0x77b583]
V  [jvm.dll+0x244978]
V  [jvm.dll+0xbd56c]
V  [jvm.dll+0xbda6c]
V  [jvm.dll+0x355bcd]
V  [jvm.dll+0x199b8c]
V  [jvm.dll+0x1fd65e]
V  [jvm.dll+0x1fc6e4]
V  [jvm.dll+0x18626c]
V  [jvm.dll+0x20b187]
V  [jvm.dll+0x2099d1]
V  [jvm.dll+0x74194f]
V  [jvm.dll+0x73a415]
V  [jvm.dll+0x5f4c66]
C  [ucrtbase.dll+0x26c0c]
C  [KERNEL32.DLL+0x154e0]
C  [ntdll.dll+0x485b]


---------------  P R O C E S S  ---------------

Threads class SMR info:
_java_thread_list=0x00000212f928d530, length=12, elements={
0x00000212d95ee000, 0x00000212f90e4000, 0x00000212f90ed800, 0x00000212f882b800,
0x00000212f882c800, 0x00000212f882f800, 0x00000212f9135800, 0x00000212f9136000,
0x00000212f9137000, 0x00000212f92af000, 0x00000212f92a2800, 0x00000212f92ec800
}

Java Threads: ( => current thread )
  0x00000212d95ee000 JavaThread "main" [_thread_in_Java, id=7704, stack(0x000000d192700000,0x000000d192800000)]
  0x00000212f90e4000 JavaThread "Reference Handler" daemon [_thread_blocked, id=15252, stack(0x000000d192e00000,0x000000d192f00000)]
  0x00000212f90ed800 JavaThread "Finalizer" daemon [_thread_blocked, id=11976, stack(0x000000d192f00000,0x000000d193000000)]
  0x00000212f882b800 JavaThread "Signal Dispatcher" daemon [_thread_blocked, id=15244, stack(0x000000d193000000,0x000000d193100000)]
  0x00000212f882c800 JavaThread "Attach Listener" daemon [_thread_blocked, id=14644, stack(0x000000d193100000,0x000000d193200000)]
  0x00000212f882f800 JavaThread "Service Thread" daemon [_thread_blocked, id=8812, stack(0x000000d193200000,0x000000d193300000)]
=>0x00000212f9135800 JavaThread "C2 CompilerThread0" daemon [_thread_in_native, id=7428, stack(0x000000d193300000,0x000000d193400000)]
  0x00000212f9136000 JavaThread "C1 CompilerThread0" daemon [_thread_in_vm, id=9840, stack(0x000000d193400000,0x000000d193500000)]
  0x00000212f9137000 JavaThread "Sweeper thread" daemon [_thread_blocked, id=15736, stack(0x000000d193500000,0x000000d193600000)]
  0x00000212f92af000 JavaThread "Common-Cleaner" daemon [_thread_blocked, id=14640, stack(0x000000d193700000,0x000000d193800000)]
  0x00000212f92a2800 JavaThread "C2 CompilerThread1" daemon [_thread_in_native, id=7484, stack(0x000000d193800000,0x000000d193900000)]
  0x00000212f92ec800 JavaThread "C2 CompilerThread2" daemon [_thread_in_native, id=15836, stack(0x000000d193900000,0x000000d193a00000)]

Other Threads:
  0x00000212f8817000 VMThread "VM Thread" [stack: 0x000000d192d00000,0x000000d192e00000] [id=3324]
  0x00000212f92bd000 WatcherThread [stack: 0x000000d193600000,0x000000d193700000] [id=12508]
  0x00000212d9604800 GCTaskThread "GC Thread#0" [stack: 0x000000d192800000,0x000000d192900000] [id=14844]
  0x00000212f984c800 GCTaskThread "GC Thread#1" [stack: 0x000000d193a00000,0x000000d193b00000] [id=8928]
  0x00000212f984d000 GCTaskThread "GC Thread#2" [stack: 0x000000d193b00000,0x000000d193c00000] [id=14764]
  0x00000212f97cb000 GCTaskThread "GC Thread#3" [stack: 0x000000d193c00000,0x000000d193d00000] [id=1176]
  0x00000212f97cc000 GCTaskThread "GC Thread#4" [stack: 0x000000d193d00000,0x000000d193e00000] [id=9660]
  0x00000212f9988800 GCTaskThread "GC Thread#5" [stack: 0x000000d193e00000,0x000000d193f00000] [id=3004]
  0x00000212d9662000 ConcurrentGCThread "G1 Main Marker" [stack: 0x000000d192900000,0x000000d192a00000] [id=5692]
  0x00000212d9665000 ConcurrentGCThread "G1 Conc#0" [stack: 0x000000d192a00000,0x000000d192b00000] [id=14868]
  0x00000212fa616000 ConcurrentGCThread "G1 Conc#1" [stack: 0x000000d193f00000,0x000000d194000000] [id=12812]
  0x00000212f8701800 ConcurrentGCThread "G1 Refine#0" [stack: 0x000000d192b00000,0x000000d192c00000] [id=328]
  0x00000212f8704800 ConcurrentGCThread "G1 Young RemSet Sampling" [stack: 0x000000d192c00000,0x000000d192d00000] [id=12524]

Threads with active compile tasks:
C2 CompilerThread0   2709 2903       4       java.lang.ClassLoader::loadClass (7 bytes)
C1 CompilerThread0   2709 3395 %     3       org.jetbrains.kotlin.metadata.jvm.deserialization.UtfEncodingKt::stringsToBytes @ 125 (218 bytes)
C2 CompilerThread1   2709 2931   !   4       jdk.internal.loader.BuiltinClassLoader::findClassOnClassPathOrNull (64 bytes)
C2 CompilerThread2   2709 2938       4       jdk.internal.loader.ClassLoaders$AppClassLoader::loadClass (40 bytes)

VM state:not at safepoint (normal execution)

VM Mutex/Monitor currently owned by a thread: None

Heap address: 0x0000000701800000, size: 4072 MB, Compressed Oops mode: Zero based, Oop shift amount: 3
Narrow klass base: 0x0000000800000000, Narrow klass shift: 0
Compressed class space size: 1073741824 Address: 0x0000000800000000

Heap:
 garbage-first heap   total 262144K, used 50588K [0x0000000701800000, 0x0000000800000000)
  region size 1024K, 27 young (27648K), 7 survivors (7168K)
 Metaspace       used 45897K, capacity 46412K, committed 46592K, reserved 1089536K
  class space    used 5416K, capacity 5612K, committed 5632K, reserved 1048576K
Heap Regions: E=young(eden), S=young(survivor), O=old, HS=humongous(starts), HC=humongous(continues), CS=collection set, F=free, A=archive, TAMS=top-at-mark-start (previous, next)
|   0|0x0000000701800000, 0x0000000701900000, 0x0000000701900000|100%|HS|  |TAMS 0x0000000701900000, 0x0000000701800000| Complete 
|   1|0x0000000701900000, 0x0000000701a00000, 0x0000000701a00000|100%|HC|  |TAMS 0x0000000701a00000, 0x0000000701900000| Complete 
|   2|0x0000000701a00000, 0x0000000701b00000, 0x0000000701b00000|100%|HC|  |TAMS 0x0000000701b00000, 0x0000000701a00000| Complete 
|   3|0x0000000701b00000, 0x0000000701c00000, 0x0000000701c00000|100%|HS|  |TAMS 0x0000000701c00000, 0x0000000701b00000| Complete 
|   4|0x0000000701c00000, 0x0000000701d00000, 0x0000000701d00000|100%|HC|  |TAMS 0x0000000701d00000, 0x0000000701c00000| Complete 
|   5|0x0000000701d00000, 0x0000000701e00000, 0x0000000701e00000|100%|HC|  |TAMS 0x0000000701e00000, 0x0000000701d00000| Complete 
|   6|0x0000000701e00000, 0x0000000701f00000, 0x0000000701f00000|100%|HS|  |TAMS 0x0000000701f00000, 0x0000000701e00000| Complete 
|   7|0x0000000701f00000, 0x0000000702000000, 0x0000000702000000|100%|HC|  |TAMS 0x0000000702000000, 0x0000000701f00000| Complete 
|   8|0x0000000702000000, 0x0000000702100000, 0x0000000702100000|100%|HC|  |TAMS 0x0000000702100000, 0x0000000702000000| Complete 
|   9|0x0000000702100000, 0x0000000702200000, 0x0000000702200000|100%|HS|  |TAMS 0x0000000702200000, 0x0000000702100000| Complete 
|  10|0x0000000702200000, 0x0000000702300000, 0x0000000702300000|100%|HC|  |TAMS 0x0000000702300000, 0x0000000702200000| Complete 
|  11|0x0000000702300000, 0x0000000702400000, 0x0000000702400000|100%| O|  |TAMS 0x0000000702400000, 0x0000000702300000| Untracked 
|  12|0x0000000702400000, 0x0000000702500000, 0x0000000702500000|100%| O|  |TAMS 0x0000000702500000, 0x0000000702400000| Untracked 
|  13|0x0000000702500000, 0x0000000702600000, 0x0000000702600000|100%| O|  |TAMS 0x0000000702600000, 0x0000000702500000| Untracked 
|  14|0x0000000702600000, 0x0000000702700000, 0x0000000702700000|100%| O|  |TAMS 0x0000000702700000, 0x0000000702600000| Untracked 
|  15|0x0000000702700000, 0x0000000702800000, 0x0000000702800000|100%| O|  |TAMS 0x0000000702800000, 0x0000000702700000| Untracked 
|  16|0x0000000702800000, 0x0000000702900000, 0x0000000702900000|100%| O|  |TAMS 0x0000000702900000, 0x0000000702800000| Untracked 
|  17|0x0000000702900000, 0x0000000702a00000, 0x0000000702a00000|100%| O|  |TAMS 0x00000007029fc200, 0x0000000702900000| Untracked 
|  18|0x0000000702a00000, 0x0000000702b00000, 0x0000000702b00000|100%| O|  |TAMS 0x0000000702a00000, 0x0000000702a00000| Untracked 
|  19|0x0000000702b00000, 0x0000000702c00000, 0x0000000702c00000|100%| O|  |TAMS 0x0000000702b00000, 0x0000000702b00000| Untracked 
|  20|0x0000000702c00000, 0x0000000702d00000, 0x0000000702d00000|100%| O|  |TAMS 0x0000000702c00000, 0x0000000702c00000| Untracked 
|  21|0x0000000702d00000, 0x0000000702e00000, 0x0000000702e00000|100%| O|  |TAMS 0x0000000702d00000, 0x0000000702d00000| Untracked 
|  22|0x0000000702e00000, 0x0000000702ed7200, 0x0000000702f00000| 84%| O|  |TAMS 0x0000000702e00000, 0x0000000702e00000| Untracked 
|  23|0x0000000702f00000, 0x0000000703000000, 0x0000000703000000|100%|HS|  |TAMS 0x0000000702f00000, 0x0000000702f00000| Complete 
|  24|0x0000000703000000, 0x0000000703000000, 0x0000000703100000|  0%| F|  |TAMS 0x0000000703000000, 0x0000000703000000| Untracked 
|  25|0x0000000703100000, 0x0000000703100000, 0x0000000703200000|  0%| F|  |TAMS 0x0000000703100000, 0x0000000703100000| Untracked 
|  26|0x0000000703200000, 0x0000000703200000, 0x0000000703300000|  0%| F|  |TAMS 0x0000000703200000, 0x0000000703200000| Untracked 
|  27|0x0000000703300000, 0x0000000703300000, 0x0000000703400000|  0%| F|  |TAMS 0x0000000703300000, 0x0000000703300000| Untracked 
|  28|0x0000000703400000, 0x0000000703400000, 0x0000000703500000|  0%| F|  |TAMS 0x0000000703400000, 0x0000000703400000| Untracked 
|  29|0x0000000703500000, 0x0000000703500000, 0x0000000703600000|  0%| F|  |TAMS 0x0000000703500000, 0x0000000703500000| Untracked 
|  30|0x0000000703600000, 0x0000000703600000, 0x0000000703700000|  0%| F|  |TAMS 0x0000000703600000, 0x0000000703600000| Untracked 
|  31|0x0000000703700000, 0x0000000703700000, 0x0000000703800000|  0%| F|  |TAMS 0x0000000703700000, 0x0000000703700000| Untracked 
|  32|0x0000000703800000, 0x0000000703800000, 0x0000000703900000|  0%| F|  |TAMS 0x0000000703800000, 0x0000000703800000| Untracked 
|  33|0x0000000703900000, 0x0000000703900000, 0x0000000703a00000|  0%| F|  |TAMS 0x0000000703900000, 0x0000000703900000| Untracked 
|  34|0x0000000703a00000, 0x0000000703a00000, 0x0000000703b00000|  0%| F|  |TAMS 0x0000000703a00000, 0x0000000703a00000| Untracked 
|  35|0x0000000703b00000, 0x0000000703b00000, 0x0000000703c00000|  0%| F|  |TAMS 0x0000000703b00000, 0x0000000703b00000| Untracked 
|  36|0x0000000703c00000, 0x0000000703c00000, 0x0000000703d00000|  0%| F|  |TAMS 0x0000000703c00000, 0x0000000703c00000| Untracked 
|  37|0x0000000703d00000, 0x0000000703d00000, 0x0000000703e00000|  0%| F|  |TAMS 0x0000000703d00000, 0x0000000703d00000| Untracked 
|  38|0x0000000703e00000, 0x0000000703e00000, 0x0000000703f00000|  0%| F|  |TAMS 0x0000000703e00000, 0x0000000703e00000| Untracked 
|  39|0x0000000703f00000, 0x0000000703f00000, 0x0000000704000000|  0%| F|  |TAMS 0x0000000703f00000, 0x0000000703f00000| Untracked 
|  40|0x0000000704000000, 0x0000000704000000, 0x0000000704100000|  0%| F|  |TAMS 0x0000000704000000, 0x0000000704000000| Untracked 
|  41|0x0000000704100000, 0x0000000704100000, 0x0000000704200000|  0%| F|  |TAMS 0x0000000704100000, 0x0000000704100000| Untracked 
|  42|0x0000000704200000, 0x0000000704200000, 0x0000000704300000|  0%| F|  |TAMS 0x0000000704200000, 0x0000000704200000| Untracked 
|  43|0x0000000704300000, 0x0000000704300000, 0x0000000704400000|  0%| F|  |TAMS 0x0000000704300000, 0x0000000704300000| Untracked 
|  44|0x0000000704400000, 0x0000000704400000, 0x0000000704500000|  0%| F|  |TAMS 0x0000000704400000, 0x0000000704400000| Untracked 
|  45|0x0000000704500000, 0x0000000704500000, 0x0000000704600000|  0%| F|  |TAMS 0x0000000704500000, 0x0000000704500000| Untracked 
|  46|0x0000000704600000, 0x0000000704600000, 0x0000000704700000|  0%| F|  |TAMS 0x0000000704600000, 0x0000000704600000| Untracked 
|  47|0x0000000704700000, 0x0000000704700000, 0x0000000704800000|  0%| F|  |TAMS 0x0000000704700000, 0x0000000704700000| Untracked 
|  48|0x0000000704800000, 0x0000000704800000, 0x0000000704900000|  0%| F|  |TAMS 0x0000000704800000, 0x0000000704800000| Untracked 
|  49|0x0000000704900000, 0x0000000704900000, 0x0000000704a00000|  0%| F|  |TAMS 0x0000000704900000, 0x0000000704900000| Untracked 
|  50|0x0000000704a00000, 0x0000000704a00000, 0x0000000704b00000|  0%| F|  |TAMS 0x0000000704a00000, 0x0000000704a00000| Untracked 
|  51|0x0000000704b00000, 0x0000000704b00000, 0x0000000704c00000|  0%| F|  |TAMS 0x0000000704b00000, 0x0000000704b00000| Untracked 
|  52|0x0000000704c00000, 0x0000000704c00000, 0x0000000704d00000|  0%| F|  |TAMS 0x0000000704c00000, 0x0000000704c00000| Untracked 
|  53|0x0000000704d00000, 0x0000000704d00000, 0x0000000704e00000|  0%| F|  |TAMS 0x0000000704d00000, 0x0000000704d00000| Untracked 
|  54|0x0000000704e00000, 0x0000000704e00000, 0x0000000704f00000|  0%| F|  |TAMS 0x0000000704e00000, 0x0000000704e00000| Untracked 
|  55|0x0000000704f00000, 0x0000000704f00000, 0x0000000705000000|  0%| F|  |TAMS 0x0000000704f00000, 0x0000000704f00000| Untracked 
|  56|0x0000000705000000, 0x0000000705000000, 0x0000000705100000|  0%| F|  |TAMS 0x0000000705000000, 0x0000000705000000| Untracked 
|  57|0x0000000705100000, 0x0000000705100000, 0x0000000705200000|  0%| F|  |TAMS 0x0000000705100000, 0x0000000705100000| Untracked 
|  58|0x0000000705200000, 0x0000000705200000, 0x0000000705300000|  0%| F|  |TAMS 0x0000000705200000, 0x0000000705200000| Untracked 
|  59|0x0000000705300000, 0x0000000705300000, 0x0000000705400000|  0%| F|  |TAMS 0x0000000705300000, 0x0000000705300000| Untracked 
|  60|0x0000000705400000, 0x0000000705400000, 0x0000000705500000|  0%| F|  |TAMS 0x0000000705400000, 0x0000000705400000| Untracked 
|  61|0x0000000705500000, 0x0000000705500000, 0x0000000705600000|  0%| F|  |TAMS 0x0000000705500000, 0x0000000705500000| Untracked 
|  62|0x0000000705600000, 0x0000000705600000, 0x0000000705700000|  0%| F|  |TAMS 0x0000000705600000, 0x0000000705600000| Untracked 
|  63|0x0000000705700000, 0x0000000705700000, 0x0000000705800000|  0%| F|  |TAMS 0x0000000705700000, 0x0000000705700000| Untracked 
|  64|0x0000000705800000, 0x0000000705800000, 0x0000000705900000|  0%| F|  |TAMS 0x0000000705800000, 0x0000000705800000| Untracked 
|  65|0x0000000705900000, 0x0000000705900000, 0x0000000705a00000|  0%| F|  |TAMS 0x0000000705900000, 0x0000000705900000| Untracked 
|  66|0x0000000705a00000, 0x0000000705a00000, 0x0000000705b00000|  0%| F|  |TAMS 0x0000000705a00000, 0x0000000705a00000| Untracked 
|  67|0x0000000705b00000, 0x0000000705b00000, 0x0000000705c00000|  0%| F|  |TAMS 0x0000000705b00000, 0x0000000705b00000| Untracked 
|  68|0x0000000705c00000, 0x0000000705c00000, 0x0000000705d00000|  0%| F|  |TAMS 0x0000000705c00000, 0x0000000705c00000| Untracked 
|  69|0x0000000705d00000, 0x0000000705d00000, 0x0000000705e00000|  0%| F|  |TAMS 0x0000000705d00000, 0x0000000705d00000| Untracked 
|  70|0x0000000705e00000, 0x0000000705e00000, 0x0000000705f00000|  0%| F|  |TAMS 0x0000000705e00000, 0x0000000705e00000| Untracked 
|  71|0x0000000705f00000, 0x0000000705f00000, 0x0000000706000000|  0%| F|  |TAMS 0x0000000705f00000, 0x0000000705f00000| Untracked 
|  72|0x0000000706000000, 0x0000000706000000, 0x0000000706100000|  0%| F|  |TAMS 0x0000000706000000, 0x0000000706000000| Untracked 
|  73|0x0000000706100000, 0x0000000706100000, 0x0000000706200000|  0%| F|  |TAMS 0x0000000706100000, 0x0000000706100000| Untracked 
|  74|0x0000000706200000, 0x0000000706200000, 0x0000000706300000|  0%| F|  |TAMS 0x0000000706200000, 0x0000000706200000| Untracked 
|  75|0x0000000706300000, 0x0000000706300000, 0x0000000706400000|  0%| F|  |TAMS 0x0000000706300000, 0x0000000706300000| Untracked 
|  76|0x0000000706400000, 0x0000000706400000, 0x0000000706500000|  0%| F|  |TAMS 0x0000000706400000, 0x0000000706400000| Untracked 
|  77|0x0000000706500000, 0x0000000706500000, 0x0000000706600000|  0%| F|  |TAMS 0x0000000706500000, 0x0000000706500000| Untracked 
|  78|0x0000000706600000, 0x0000000706600000, 0x0000000706700000|  0%| F|  |TAMS 0x0000000706600000, 0x0000000706600000| Untracked 
|  79|0x0000000706700000, 0x0000000706700000, 0x0000000706800000|  0%| F|  |TAMS 0x0000000706700000, 0x0000000706700000| Untracked 
|  80|0x0000000706800000, 0x0000000706800000, 0x0000000706900000|  0%| F|  |TAMS 0x0000000706800000, 0x0000000706800000| Untracked 
|  81|0x0000000706900000, 0x0000000706900000, 0x0000000706a00000|  0%| F|  |TAMS 0x0000000706900000, 0x0000000706900000| Untracked 
|  82|0x0000000706a00000, 0x0000000706a00000, 0x0000000706b00000|  0%| F|  |TAMS 0x0000000706a00000, 0x0000000706a00000| Untracked 
|  83|0x0000000706b00000, 0x0000000706b00000, 0x0000000706c00000|  0%| F|  |TAMS 0x0000000706b00000, 0x0000000706b00000| Untracked 
|  84|0x0000000706c00000, 0x0000000706c00000, 0x0000000706d00000|  0%| F|  |TAMS 0x0000000706c00000, 0x0000000706c00000| Untracked 
|  85|0x0000000706d00000, 0x0000000706d00000, 0x0000000706e00000|  0%| F|  |TAMS 0x0000000706d00000, 0x0000000706d00000| Untracked 
|  86|0x0000000706e00000, 0x0000000706e00000, 0x0000000706f00000|  0%| F|  |TAMS 0x0000000706e00000, 0x0000000706e00000| Untracked 
|  87|0x0000000706f00000, 0x0000000706f00000, 0x0000000707000000|  0%| F|  |TAMS 0x0000000706f00000, 0x0000000706f00000| Untracked 
|  88|0x0000000707000000, 0x0000000707000000, 0x0000000707100000|  0%| F|  |TAMS 0x0000000707000000, 0x0000000707000000| Untracked 
|  89|0x0000000707100000, 0x0000000707100000, 0x0000000707200000|  0%| F|  |TAMS 0x0000000707100000, 0x0000000707100000| Untracked 
|  90|0x0000000707200000, 0x0000000707200000, 0x0000000707300000|  0%| F|  |TAMS 0x0000000707200000, 0x0000000707200000| Untracked 
|  91|0x0000000707300000, 0x0000000707300000, 0x0000000707400000|  0%| F|  |TAMS 0x0000000707300000, 0x0000000707300000| Untracked 
|  92|0x0000000707400000, 0x0000000707400000, 0x0000000707500000|  0%| F|  |TAMS 0x0000000707400000, 0x0000000707400000| Untracked 
|  93|0x0000000707500000, 0x0000000707500000, 0x0000000707600000|  0%| F|  |TAMS 0x0000000707500000, 0x0000000707500000| Untracked 
|  94|0x0000000707600000, 0x0000000707600000, 0x0000000707700000|  0%| F|  |TAMS 0x0000000707600000, 0x0000000707600000| Untracked 
|  95|0x0000000707700000, 0x0000000707700000, 0x0000000707800000|  0%| F|  |TAMS 0x0000000707700000, 0x0000000707700000| Untracked 
|  96|0x0000000707800000, 0x0000000707800000, 0x0000000707900000|  0%| F|  |TAMS 0x0000000707800000, 0x0000000707800000| Untracked 
|  97|0x0000000707900000, 0x0000000707900000, 0x0000000707a00000|  0%| F|  |TAMS 0x0000000707900000, 0x0000000707900000| Untracked 
|  98|0x0000000707a00000, 0x0000000707a00000, 0x0000000707b00000|  0%| F|  |TAMS 0x0000000707a00000, 0x0000000707a00000| Untracked 
|  99|0x0000000707b00000, 0x0000000707b00000, 0x0000000707c00000|  0%| F|  |TAMS 0x0000000707b00000, 0x0000000707b00000| Untracked 
| 100|0x0000000707c00000, 0x0000000707c00000, 0x0000000707d00000|  0%| F|  |TAMS 0x0000000707c00000, 0x0000000707c00000| Untracked 
| 101|0x0000000707d00000, 0x0000000707d00000, 0x0000000707e00000|  0%| F|  |TAMS 0x0000000707d00000, 0x0000000707d00000| Untracked 
| 102|0x0000000707e00000, 0x0000000707e00000, 0x0000000707f00000|  0%| F|  |TAMS 0x0000000707e00000, 0x0000000707e00000| Untracked 
| 103|0x0000000707f00000, 0x0000000707f00000, 0x0000000708000000|  0%| F|  |TAMS 0x0000000707f00000, 0x0000000707f00000| Untracked 
| 104|0x0000000708000000, 0x0000000708000000, 0x0000000708100000|  0%| F|  |TAMS 0x0000000708000000, 0x0000000708000000| Untracked 
| 105|0x0000000708100000, 0x0000000708100000, 0x0000000708200000|  0%| F|  |TAMS 0x0000000708100000, 0x0000000708100000| Untracked 
| 106|0x0000000708200000, 0x0000000708200000, 0x0000000708300000|  0%| F|  |TAMS 0x0000000708200000, 0x0000000708200000| Untracked 
| 107|0x0000000708300000, 0x0000000708300000, 0x0000000708400000|  0%| F|  |TAMS 0x0000000708300000, 0x0000000708300000| Untracked 
| 108|0x0000000708400000, 0x0000000708400000, 0x0000000708500000|  0%| F|  |TAMS 0x0000000708400000, 0x0000000708400000| Untracked 
| 109|0x0000000708500000, 0x0000000708500000, 0x0000000708600000|  0%| F|  |TAMS 0x0000000708500000, 0x0000000708500000| Untracked 
| 110|0x0000000708600000, 0x0000000708600000, 0x0000000708700000|  0%| F|  |TAMS 0x0000000708600000, 0x0000000708600000| Untracked 
| 111|0x0000000708700000, 0x0000000708700000, 0x0000000708800000|  0%| F|  |TAMS 0x0000000708700000, 0x0000000708700000| Untracked 
| 112|0x0000000708800000, 0x0000000708800000, 0x0000000708900000|  0%| F|  |TAMS 0x0000000708800000, 0x0000000708800000| Untracked 
| 113|0x0000000708900000, 0x0000000708900000, 0x0000000708a00000|  0%| F|  |TAMS 0x0000000708900000, 0x0000000708900000| Untracked 
| 114|0x0000000708a00000, 0x0000000708a00000, 0x0000000708b00000|  0%| F|  |TAMS 0x0000000708a00000, 0x0000000708a00000| Untracked 
| 115|0x0000000708b00000, 0x0000000708b00000, 0x0000000708c00000|  0%| F|  |TAMS 0x0000000708b00000, 0x0000000708b00000| Untracked 
| 116|0x0000000708c00000, 0x0000000708c00000, 0x0000000708d00000|  0%| F|  |TAMS 0x0000000708c00000, 0x0000000708c00000| Untracked 
| 117|0x0000000708d00000, 0x0000000708d00000, 0x0000000708e00000|  0%| F|  |TAMS 0x0000000708d00000, 0x0000000708d00000| Untracked 
| 118|0x0000000708e00000, 0x0000000708e00000, 0x0000000708f00000|  0%| F|  |TAMS 0x0000000708e00000, 0x0000000708e00000| Untracked 
| 119|0x0000000708f00000, 0x0000000708f00000, 0x0000000709000000|  0%| F|  |TAMS 0x0000000708f00000, 0x0000000708f00000| Untracked 
| 120|0x0000000709000000, 0x0000000709000000, 0x0000000709100000|  0%| F|  |TAMS 0x0000000709000000, 0x0000000709000000| Untracked 
| 121|0x0000000709100000, 0x0000000709100000, 0x0000000709200000|  0%| F|  |TAMS 0x0000000709100000, 0x0000000709100000| Untracked 
| 122|0x0000000709200000, 0x0000000709200000, 0x0000000709300000|  0%| F|  |TAMS 0x0000000709200000, 0x0000000709200000| Untracked 
| 123|0x0000000709300000, 0x0000000709300000, 0x0000000709400000|  0%| F|  |TAMS 0x0000000709300000, 0x0000000709300000| Untracked 
| 124|0x0000000709400000, 0x0000000709400000, 0x0000000709500000|  0%| F|  |TAMS 0x0000000709400000, 0x0000000709400000| Untracked 
| 125|0x0000000709500000, 0x0000000709500000, 0x0000000709600000|  0%| F|  |TAMS 0x0000000709500000, 0x0000000709500000| Untracked 
| 126|0x0000000709600000, 0x0000000709600000, 0x0000000709700000|  0%| F|  |TAMS 0x0000000709600000, 0x0000000709600000| Untracked 
| 127|0x0000000709700000, 0x0000000709700000, 0x0000000709800000|  0%| F|  |TAMS 0x0000000709700000, 0x0000000709700000| Untracked 
| 128|0x0000000709800000, 0x0000000709800000, 0x0000000709900000|  0%| F|  |TAMS 0x0000000709800000, 0x0000000709800000| Untracked 
| 129|0x0000000709900000, 0x0000000709900000, 0x0000000709a00000|  0%| F|  |TAMS 0x0000000709900000, 0x0000000709900000| Untracked 
| 130|0x0000000709a00000, 0x0000000709a00000, 0x0000000709b00000|  0%| F|  |TAMS 0x0000000709a00000, 0x0000000709a00000| Untracked 
| 131|0x0000000709b00000, 0x0000000709b00000, 0x0000000709c00000|  0%| F|  |TAMS 0x0000000709b00000, 0x0000000709b00000| Untracked 
| 132|0x0000000709c00000, 0x0000000709c00000, 0x0000000709d00000|  0%| F|  |TAMS 0x0000000709c00000, 0x0000000709c00000| Untracked 
| 133|0x0000000709d00000, 0x0000000709d00000, 0x0000000709e00000|  0%| F|  |TAMS 0x0000000709d00000, 0x0000000709d00000| Untracked 
| 134|0x0000000709e00000, 0x0000000709e00000, 0x0000000709f00000|  0%| F|  |TAMS 0x0000000709e00000, 0x0000000709e00000| Untracked 
| 135|0x0000000709f00000, 0x0000000709f00000, 0x000000070a000000|  0%| F|  |TAMS 0x0000000709f00000, 0x0000000709f00000| Untracked 
| 136|0x000000070a000000, 0x000000070a000000, 0x000000070a100000|  0%| F|  |TAMS 0x000000070a000000, 0x000000070a000000| Untracked 
| 137|0x000000070a100000, 0x000000070a100000, 0x000000070a200000|  0%| F|  |TAMS 0x000000070a100000, 0x000000070a100000| Untracked 
| 138|0x000000070a200000, 0x000000070a200000, 0x000000070a300000|  0%| F|  |TAMS 0x000000070a200000, 0x000000070a200000| Untracked 
| 139|0x000000070a300000, 0x000000070a300000, 0x000000070a400000|  0%| F|  |TAMS 0x000000070a300000, 0x000000070a300000| Untracked 
| 140|0x000000070a400000, 0x000000070a400000, 0x000000070a500000|  0%| F|  |TAMS 0x000000070a400000, 0x000000070a400000| Untracked 
| 141|0x000000070a500000, 0x000000070a500000, 0x000000070a600000|  0%| F|  |TAMS 0x000000070a500000, 0x000000070a500000| Untracked 
| 142|0x000000070a600000, 0x000000070a600000, 0x000000070a700000|  0%| F|  |TAMS 0x000000070a600000, 0x000000070a600000| Untracked 
| 143|0x000000070a700000, 0x000000070a700000, 0x000000070a800000|  0%| F|  |TAMS 0x000000070a700000, 0x000000070a700000| Untracked 
| 144|0x000000070a800000, 0x000000070a800000, 0x000000070a900000|  0%| F|  |TAMS 0x000000070a800000, 0x000000070a800000| Untracked 
| 145|0x000000070a900000, 0x000000070a900000, 0x000000070aa00000|  0%| F|  |TAMS 0x000000070a900000, 0x000000070a900000| Untracked 
| 146|0x000000070aa00000, 0x000000070aa00000, 0x000000070ab00000|  0%| F|  |TAMS 0x000000070aa00000, 0x000000070aa00000| Untracked 
| 147|0x000000070ab00000, 0x000000070ab00000, 0x000000070ac00000|  0%| F|  |TAMS 0x000000070ab00000, 0x000000070ab00000| Untracked 
| 148|0x000000070ac00000, 0x000000070ac00000, 0x000000070ad00000|  0%| F|  |TAMS 0x000000070ac00000, 0x000000070ac00000| Untracked 
| 149|0x000000070ad00000, 0x000000070ad00000, 0x000000070ae00000|  0%| F|  |TAMS 0x000000070ad00000, 0x000000070ad00000| Untracked 
| 150|0x000000070ae00000, 0x000000070ae00000, 0x000000070af00000|  0%| F|  |TAMS 0x000000070ae00000, 0x000000070ae00000| Untracked 
| 151|0x000000070af00000, 0x000000070af00000, 0x000000070b000000|  0%| F|  |TAMS 0x000000070af00000, 0x000000070af00000| Untracked 
| 152|0x000000070b000000, 0x000000070b000000, 0x000000070b100000|  0%| F|  |TAMS 0x000000070b000000, 0x000000070b000000| Untracked 
| 153|0x000000070b100000, 0x000000070b100000, 0x000000070b200000|  0%| F|  |TAMS 0x000000070b100000, 0x000000070b100000| Untracked 
| 154|0x000000070b200000, 0x000000070b200000, 0x000000070b300000|  0%| F|  |TAMS 0x000000070b200000, 0x000000070b200000| Untracked 
| 155|0x000000070b300000, 0x000000070b300000, 0x000000070b400000|  0%| F|  |TAMS 0x000000070b300000, 0x000000070b300000| Untracked 
| 156|0x000000070b400000, 0x000000070b400000, 0x000000070b500000|  0%| F|  |TAMS 0x000000070b400000, 0x000000070b400000| Untracked 
| 157|0x000000070b500000, 0x000000070b500000, 0x000000070b600000|  0%| F|  |TAMS 0x000000070b500000, 0x000000070b500000| Untracked 
| 158|0x000000070b600000, 0x000000070b600000, 0x000000070b700000|  0%| F|  |TAMS 0x000000070b600000, 0x000000070b600000| Untracked 
| 159|0x000000070b700000, 0x000000070b700000, 0x000000070b800000|  0%| F|  |TAMS 0x000000070b700000, 0x000000070b700000| Untracked 
| 160|0x000000070b800000, 0x000000070b800000, 0x000000070b900000|  0%| F|  |TAMS 0x000000070b800000, 0x000000070b800000| Untracked 
| 161|0x000000070b900000, 0x000000070b900000, 0x000000070ba00000|  0%| F|  |TAMS 0x000000070b900000, 0x000000070b900000| Untracked 
| 162|0x000000070ba00000, 0x000000070ba00000, 0x000000070bb00000|  0%| F|  |TAMS 0x000000070ba00000, 0x000000070ba00000| Untracked 
| 163|0x000000070bb00000, 0x000000070bb00000, 0x000000070bc00000|  0%| F|  |TAMS 0x000000070bb00000, 0x000000070bb00000| Untracked 
| 164|0x000000070bc00000, 0x000000070bc00000, 0x000000070bd00000|  0%| F|  |TAMS 0x000000070bc00000, 0x000000070bc00000| Untracked 
| 165|0x000000070bd00000, 0x000000070bd00000, 0x000000070be00000|  0%| F|  |TAMS 0x000000070bd00000, 0x000000070bd00000| Untracked 
| 166|0x000000070be00000, 0x000000070be00000, 0x000000070bf00000|  0%| F|  |TAMS 0x000000070be00000, 0x000000070be00000| Untracked 
| 167|0x000000070bf00000, 0x000000070bf00000, 0x000000070c000000|  0%| F|  |TAMS 0x000000070bf00000, 0x000000070bf00000| Untracked 
| 168|0x000000070c000000, 0x000000070c000000, 0x000000070c100000|  0%| F|  |TAMS 0x000000070c000000, 0x000000070c000000| Untracked 
| 169|0x000000070c100000, 0x000000070c100000, 0x000000070c200000|  0%| F|  |TAMS 0x000000070c100000, 0x000000070c100000| Untracked 
| 170|0x000000070c200000, 0x000000070c200000, 0x000000070c300000|  0%| F|  |TAMS 0x000000070c200000, 0x000000070c200000| Untracked 
| 171|0x000000070c300000, 0x000000070c300000, 0x000000070c400000|  0%| F|  |TAMS 0x000000070c300000, 0x000000070c300000| Untracked 
| 172|0x000000070c400000, 0x000000070c400000, 0x000000070c500000|  0%| F|  |TAMS 0x000000070c400000, 0x000000070c400000| Untracked 
| 173|0x000000070c500000, 0x000000070c500000, 0x000000070c600000|  0%| F|  |TAMS 0x000000070c500000, 0x000000070c500000| Untracked 
| 174|0x000000070c600000, 0x000000070c600000, 0x000000070c700000|  0%| F|  |TAMS 0x000000070c600000, 0x000000070c600000| Untracked 
| 175|0x000000070c700000, 0x000000070c700000, 0x000000070c800000|  0%| F|  |TAMS 0x000000070c700000, 0x000000070c700000| Untracked 
| 176|0x000000070c800000, 0x000000070c800000, 0x000000070c900000|  0%| F|  |TAMS 0x000000070c800000, 0x000000070c800000| Untracked 
| 177|0x000000070c900000, 0x000000070c900000, 0x000000070ca00000|  0%| F|  |TAMS 0x000000070c900000, 0x000000070c900000| Untracked 
| 178|0x000000070ca00000, 0x000000070ca00000, 0x000000070cb00000|  0%| F|  |TAMS 0x000000070ca00000, 0x000000070ca00000| Untracked 
| 179|0x000000070cb00000, 0x000000070cb00000, 0x000000070cc00000|  0%| F|  |TAMS 0x000000070cb00000, 0x000000070cb00000| Untracked 
| 180|0x000000070cc00000, 0x000000070cc00000, 0x000000070cd00000|  0%| F|  |TAMS 0x000000070cc00000, 0x000000070cc00000| Untracked 
| 181|0x000000070cd00000, 0x000000070cd00000, 0x000000070ce00000|  0%| F|  |TAMS 0x000000070cd00000, 0x000000070cd00000| Untracked 
| 182|0x000000070ce00000, 0x000000070ce00000, 0x000000070cf00000|  0%| F|  |TAMS 0x000000070ce00000, 0x000000070ce00000| Untracked 
| 183|0x000000070cf00000, 0x000000070cf00000, 0x000000070d000000|  0%| F|  |TAMS 0x000000070cf00000, 0x000000070cf00000| Untracked 
| 184|0x000000070d000000, 0x000000070d000000, 0x000000070d100000|  0%| F|  |TAMS 0x000000070d000000, 0x000000070d000000| Untracked 
| 185|0x000000070d100000, 0x000000070d100000, 0x000000070d200000|  0%| F|  |TAMS 0x000000070d100000, 0x000000070d100000| Untracked 
| 186|0x000000070d200000, 0x000000070d200000, 0x000000070d300000|  0%| F|  |TAMS 0x000000070d200000, 0x000000070d200000| Untracked 
| 187|0x000000070d300000, 0x000000070d300000, 0x000000070d400000|  0%| F|  |TAMS 0x000000070d300000, 0x000000070d300000| Untracked 
| 188|0x000000070d400000, 0x000000070d400000, 0x000000070d500000|  0%| F|  |TAMS 0x000000070d400000, 0x000000070d400000| Untracked 
| 189|0x000000070d500000, 0x000000070d500000, 0x000000070d600000|  0%| F|  |TAMS 0x000000070d500000, 0x000000070d500000| Untracked 
| 190|0x000000070d600000, 0x000000070d600000, 0x000000070d700000|  0%| F|  |TAMS 0x000000070d600000, 0x000000070d600000| Untracked 
| 191|0x000000070d700000, 0x000000070d700000, 0x000000070d800000|  0%| F|  |TAMS 0x000000070d700000, 0x000000070d700000| Untracked 
| 192|0x000000070d800000, 0x000000070d88fe38, 0x000000070d900000| 56%| S|CS|TAMS 0x000000070d800000, 0x000000070d800000| Complete 
| 193|0x000000070d900000, 0x000000070da00000, 0x000000070da00000|100%| S|CS|TAMS 0x000000070d900000, 0x000000070d900000| Complete 
| 194|0x000000070da00000, 0x000000070db00000, 0x000000070db00000|100%| S|CS|TAMS 0x000000070da00000, 0x000000070da00000| Complete 
| 195|0x000000070db00000, 0x000000070dc00000, 0x000000070dc00000|100%| S|CS|TAMS 0x000000070db00000, 0x000000070db00000| Complete 
| 196|0x000000070dc00000, 0x000000070dd00000, 0x000000070dd00000|100%| S|CS|TAMS 0x000000070dc00000, 0x000000070dc00000| Complete 
| 197|0x000000070dd00000, 0x000000070de00000, 0x000000070de00000|100%| S|CS|TAMS 0x000000070dd00000, 0x000000070dd00000| Complete 
| 198|0x000000070de00000, 0x000000070df00000, 0x000000070df00000|100%| S|CS|TAMS 0x000000070de00000, 0x000000070de00000| Complete 
| 199|0x000000070df00000, 0x000000070df00000, 0x000000070e000000|  0%| F|  |TAMS 0x000000070df00000, 0x000000070df00000| Untracked 
| 200|0x000000070e000000, 0x000000070e000000, 0x000000070e100000|  0%| F|  |TAMS 0x000000070e000000, 0x000000070e000000| Untracked 
| 201|0x000000070e100000, 0x000000070e100000, 0x000000070e200000|  0%| F|  |TAMS 0x000000070e100000, 0x000000070e100000| Untracked 
| 202|0x000000070e200000, 0x000000070e200000, 0x000000070e300000|  0%| F|  |TAMS 0x000000070e200000, 0x000000070e200000| Untracked 
| 203|0x000000070e300000, 0x000000070e300000, 0x000000070e400000|  0%| F|  |TAMS 0x000000070e300000, 0x000000070e300000| Untracked 
| 204|0x000000070e400000, 0x000000070e400000, 0x000000070e500000|  0%| F|  |TAMS 0x000000070e400000, 0x000000070e400000| Untracked 
| 205|0x000000070e500000, 0x000000070e500000, 0x000000070e600000|  0%| F|  |TAMS 0x000000070e500000, 0x000000070e500000| Untracked 
| 206|0x000000070e600000, 0x000000070e600000, 0x000000070e700000|  0%| F|  |TAMS 0x000000070e600000, 0x000000070e600000| Untracked 
| 207|0x000000070e700000, 0x000000070e700000, 0x000000070e800000|  0%| F|  |TAMS 0x000000070e700000, 0x000000070e700000| Untracked 
| 208|0x000000070e800000, 0x000000070e800000, 0x000000070e900000|  0%| F|  |TAMS 0x000000070e800000, 0x000000070e800000| Untracked 
| 209|0x000000070e900000, 0x000000070e900000, 0x000000070ea00000|  0%| F|  |TAMS 0x000000070e900000, 0x000000070e900000| Untracked 
| 210|0x000000070ea00000, 0x000000070ea00000, 0x000000070eb00000|  0%| F|  |TAMS 0x000000070ea00000, 0x000000070ea00000| Untracked 
| 211|0x000000070eb00000, 0x000000070eb00000, 0x000000070ec00000|  0%| F|  |TAMS 0x000000070eb00000, 0x000000070eb00000| Untracked 
| 212|0x000000070ec00000, 0x000000070ec00000, 0x000000070ed00000|  0%| F|  |TAMS 0x000000070ec00000, 0x000000070ec00000| Untracked 
| 213|0x000000070ed00000, 0x000000070ed00000, 0x000000070ee00000|  0%| F|  |TAMS 0x000000070ed00000, 0x000000070ed00000| Untracked 
| 214|0x000000070ee00000, 0x000000070ee00000, 0x000000070ef00000|  0%| F|  |TAMS 0x000000070ee00000, 0x000000070ee00000| Untracked 
| 215|0x000000070ef00000, 0x000000070ef00000, 0x000000070f000000|  0%| F|  |TAMS 0x000000070ef00000, 0x000000070ef00000| Untracked 
| 216|0x000000070f000000, 0x000000070f000000, 0x000000070f100000|  0%| F|  |TAMS 0x000000070f000000, 0x000000070f000000| Untracked 
| 217|0x000000070f100000, 0x000000070f100000, 0x000000070f200000|  0%| F|  |TAMS 0x000000070f100000, 0x000000070f100000| Untracked 
| 218|0x000000070f200000, 0x000000070f200000, 0x000000070f300000|  0%| F|  |TAMS 0x000000070f200000, 0x000000070f200000| Untracked 
| 219|0x000000070f300000, 0x000000070f300000, 0x000000070f400000|  0%| F|  |TAMS 0x000000070f300000, 0x000000070f300000| Untracked 
| 220|0x000000070f400000, 0x000000070f400000, 0x000000070f500000|  0%| F|  |TAMS 0x000000070f400000, 0x000000070f400000| Untracked 
| 221|0x000000070f500000, 0x000000070f500000, 0x000000070f600000|  0%| F|  |TAMS 0x000000070f500000, 0x000000070f500000| Untracked 
| 222|0x000000070f600000, 0x000000070f600000, 0x000000070f700000|  0%| F|  |TAMS 0x000000070f600000, 0x000000070f600000| Untracked 
| 223|0x000000070f700000, 0x000000070f700000, 0x000000070f800000|  0%| F|  |TAMS 0x000000070f700000, 0x000000070f700000| Untracked 
| 224|0x000000070f800000, 0x000000070f800000, 0x000000070f900000|  0%| F|  |TAMS 0x000000070f800000, 0x000000070f800000| Untracked 
| 225|0x000000070f900000, 0x000000070f900000, 0x000000070fa00000|  0%| F|  |TAMS 0x000000070f900000, 0x000000070f900000| Untracked 
| 226|0x000000070fa00000, 0x000000070fa00000, 0x000000070fb00000|  0%| F|  |TAMS 0x000000070fa00000, 0x000000070fa00000| Untracked 
| 227|0x000000070fb00000, 0x000000070fb00000, 0x000000070fc00000|  0%| F|  |TAMS 0x000000070fb00000, 0x000000070fb00000| Untracked 
| 228|0x000000070fc00000, 0x000000070fc00000, 0x000000070fd00000|  0%| F|  |TAMS 0x000000070fc00000, 0x000000070fc00000| Untracked 
| 229|0x000000070fd00000, 0x000000070fd00000, 0x000000070fe00000|  0%| F|  |TAMS 0x000000070fd00000, 0x000000070fd00000| Untracked 
| 230|0x000000070fe00000, 0x000000070fe00000, 0x000000070ff00000|  0%| F|  |TAMS 0x000000070fe00000, 0x000000070fe00000| Untracked 
| 231|0x000000070ff00000, 0x000000070ff00000, 0x0000000710000000|  0%| F|  |TAMS 0x000000070ff00000, 0x000000070ff00000| Untracked 
| 232|0x0000000710000000, 0x0000000710000000, 0x0000000710100000|  0%| F|  |TAMS 0x0000000710000000, 0x0000000710000000| Untracked 
| 233|0x0000000710100000, 0x0000000710100000, 0x0000000710200000|  0%| F|  |TAMS 0x0000000710100000, 0x0000000710100000| Untracked 
| 234|0x0000000710200000, 0x0000000710280800, 0x0000000710300000| 50%| E|  |TAMS 0x0000000710200000, 0x0000000710200000| Complete 
| 235|0x0000000710300000, 0x0000000710400000, 0x0000000710400000|100%| E|CS|TAMS 0x0000000710300000, 0x0000000710300000| Complete 
| 236|0x0000000710400000, 0x0000000710500000, 0x0000000710500000|100%| E|CS|TAMS 0x0000000710400000, 0x0000000710400000| Complete 
| 237|0x0000000710500000, 0x0000000710600000, 0x0000000710600000|100%| E|CS|TAMS 0x0000000710500000, 0x0000000710500000| Complete 
| 238|0x0000000710600000, 0x0000000710700000, 0x0000000710700000|100%| E|CS|TAMS 0x0000000710600000, 0x0000000710600000| Complete 
| 239|0x0000000710700000, 0x0000000710800000, 0x0000000710800000|100%| E|CS|TAMS 0x0000000710700000, 0x0000000710700000| Complete 
| 240|0x0000000710800000, 0x0000000710900000, 0x0000000710900000|100%| E|CS|TAMS 0x0000000710800000, 0x0000000710800000| Complete 
| 241|0x0000000710900000, 0x0000000710a00000, 0x0000000710a00000|100%| E|CS|TAMS 0x0000000710900000, 0x0000000710900000| Complete 
| 242|0x0000000710a00000, 0x0000000710b00000, 0x0000000710b00000|100%| E|CS|TAMS 0x0000000710a00000, 0x0000000710a00000| Complete 
| 243|0x0000000710b00000, 0x0000000710c00000, 0x0000000710c00000|100%| E|CS|TAMS 0x0000000710b00000, 0x0000000710b00000| Complete 
| 244|0x0000000710c00000, 0x0000000710d00000, 0x0000000710d00000|100%| E|CS|TAMS 0x0000000710c00000, 0x0000000710c00000| Complete 
| 245|0x0000000710d00000, 0x0000000710e00000, 0x0000000710e00000|100%| E|CS|TAMS 0x0000000710d00000, 0x0000000710d00000| Complete 
| 246|0x0000000710e00000, 0x0000000710f00000, 0x0000000710f00000|100%| E|CS|TAMS 0x0000000710e00000, 0x0000000710e00000| Complete 
| 247|0x0000000710f00000, 0x0000000711000000, 0x0000000711000000|100%| E|CS|TAMS 0x0000000710f00000, 0x0000000710f00000| Complete 
| 248|0x0000000711000000, 0x0000000711100000, 0x0000000711100000|100%| E|CS|TAMS 0x0000000711000000, 0x0000000711000000| Complete 
| 249|0x0000000711100000, 0x0000000711200000, 0x0000000711200000|100%| E|CS|TAMS 0x0000000711100000, 0x0000000711100000| Complete 
| 250|0x0000000711200000, 0x0000000711300000, 0x0000000711300000|100%| E|CS|TAMS 0x0000000711200000, 0x0000000711200000| Complete 
| 251|0x0000000711300000, 0x0000000711400000, 0x0000000711400000|100%| E|CS|TAMS 0x0000000711300000, 0x0000000711300000| Complete 
| 252|0x0000000711400000, 0x0000000711500000, 0x0000000711500000|100%| E|CS|TAMS 0x0000000711400000, 0x0000000711400000| Complete 
| 253|0x0000000711500000, 0x0000000711600000, 0x0000000711600000|100%| E|CS|TAMS 0x0000000711500000, 0x0000000711500000| Complete 
| 254|0x0000000711600000, 0x0000000711700000, 0x0000000711700000|100%| E|CS|TAMS 0x0000000711600000, 0x0000000711600000| Complete 
| 255|0x0000000711700000, 0x0000000711800000, 0x0000000711800000|100%| E|CS|TAMS 0x0000000711700000, 0x0000000711700000| Complete 

Card table byte_map: [0x00000212ecd60000,0x00000212ed560000] _byte_map_base: 0x00000212e9554000

Marking Bits (Prev, Next): (CMBitMap*) 0x00000212d9651248, (CMBitMap*) 0x00000212d9651280
 Prev Bits: [0x00000212edd60000, 0x00000212f1d00000)
 Next Bits: [0x00000212f1d00000, 0x00000212f5ca0000)

Polling page: 0x00000212d7550000

Metaspace:

Usage:
  Non-class:     39.84 MB capacity,    39.54 MB (>99%) used,   247.05 KB ( <1%) free+waste,    65.50 KB ( <1%) overhead. 
      Class:      5.48 MB capacity,     5.29 MB ( 97%) used,   167.34 KB (  3%) free+waste,    27.69 KB ( <1%) overhead. 
       Both:     45.32 MB capacity,    44.83 MB ( 99%) used,   414.40 KB ( <1%) free+waste,    93.19 KB ( <1%) overhead. 

Virtual space:
  Non-class space:       40.00 MB reserved,      40.00 MB (100%) committed 
      Class space:        1.00 GB reserved,       5.50 MB ( <1%) committed 
             Both:        1.04 GB reserved,      45.50 MB (  4%) committed 

Chunk freelists:
   Non-Class:  32.00 KB
       Class:  20.00 KB
        Both:  52.00 KB

MaxMetaspaceSize: 17179869184.00 GB
CompressedClassSpaceSize: 1.00 GB

CodeHeap 'non-profiled nmethods': size=120000Kb used=1248Kb max_used=1248Kb free=118752Kb
 bounds [0x00000212e4cf0000, 0x00000212e4f60000, 0x00000212ec220000]
CodeHeap 'profiled nmethods': size=120000Kb used=6925Kb max_used=6925Kb free=113074Kb
 bounds [0x00000212dd7c0000, 0x00000212dde90000, 0x00000212e4cf0000]
CodeHeap 'non-nmethods': size=5760Kb used=1193Kb max_used=1244Kb free=4566Kb
 bounds [0x00000212dd220000, 0x00000212dd490000, 0x00000212dd7c0000]
 total_blobs=3893 nmethods=3359 adapters=445
 compilation: enabled
              stopped_count=0, restarted_count=0
 full_count=0

Compilation events (20 events):
Event: 2.678 Thread 0x00000212f9136000 nmethod 3292 0x00000212e4e27110 code [0x00000212e4e272c0, 0x00000212e4e27378]
Event: 2.678 Thread 0x00000212f9136000 3300       2       org.jetbrains.kotlin.metadata.ProtoBuf$TypeParameter::initFields (37 bytes)
Event: 2.678 Thread 0x00000212f9136000 nmethod 3300 0x00000212dde4ae10 code [0x00000212dde4afe0, 0x00000212dde4b258]
Event: 2.678 Thread 0x00000212f9136000 3301       2       org.jetbrains.kotlin.metadata.ProtoBuf$TypeParameter$1::parsePartialFrom (7 bytes)
Event: 2.679 Thread 0x00000212f9136000 nmethod 3301 0x00000212dde4b310 code [0x00000212dde4b4c0, 0x00000212dde4b648]
Event: 2.679 Thread 0x00000212f9136000 3302       2       org.jetbrains.kotlin.metadata.ProtoBuf$TypeParameter$1::parsePartialFrom (11 bytes)
Event: 2.679 Thread 0x00000212f9136000 nmethod 3302 0x00000212dde4b790 code [0x00000212dde4b940, 0x00000212dde4bac8]
Event: 2.679 Thread 0x00000212f9136000 3303       2       org.jetbrains.kotlin.metadata.jvm.JvmProtoBuf$JvmMethodSignature::isInitialized (25 bytes)
Event: 2.679 Thread 0x00000212f9136000 nmethod 3303 0x00000212dde4bb90 code [0x00000212dde4bd40, 0x00000212dde4be78]
Event: 2.679 Thread 0x00000212f9136000 3304       2       org.jetbrains.kotlin.metadata.ProtoBuf$Type$Argument$Projection::valueOf (50 bytes)
Event: 2.679 Thread 0x00000212f9136000 nmethod 3304 0x00000212dde4bf10 code [0x00000212dde4c0c0, 0x00000212dde4c238]
Event: 2.679 Thread 0x00000212f9136000 3305       2       org.jetbrains.kotlin.metadata.jvm.JvmProtoBuf$JvmMethodSignature$Builder::setDesc (17 bytes)
Event: 2.679 Thread 0x00000212f9136000 nmethod 3305 0x00000212dde4c310 code [0x00000212dde4c4c0, 0x00000212dde4c5d8]
Event: 2.679 Thread 0x00000212f9136000 3306       2       org.jetbrains.kotlin.metadata.jvm.JvmProtoBuf$JvmMethodSignature::getDefaultInstance (4 bytes)
Event: 2.679 Thread 0x00000212f9136000 nmethod 3306 0x00000212dde4c690 code [0x00000212dde4c840, 0x00000212dde4c918]
Event: 2.680 Thread 0x00000212f9136000 3307       2       org.jetbrains.kotlin.metadata.jvm.JvmProtoBuf$JvmMethodSignature::initFields (11 bytes)
Event: 2.680 Thread 0x00000212f9136000 nmethod 3307 0x00000212dde4c990 code [0x00000212dde4cb40, 0x00000212dde4cc38]
Event: 2.680 Thread 0x00000212f9136000 3312   !   2       org.jetbrains.kotlin.metadata.jvm.JvmProtoBuf$JvmMethodSignature::<init> (286 bytes)
Event: 2.681 Thread 0x00000212f9136000 nmethod 3312 0x00000212dde4cd10 code [0x00000212dde4d040, 0x00000212dde4e768]
Event: 2.681 Thread 0x00000212f9136000 3314   !   2       org.jetbrains.kotlin.metadata.ProtoBuf$TypeParameter::<init> (662 bytes)

GC Heap History (10 events):
Event: 0.474 GC heap before
{Heap before GC invocations=0 (full 0):
 garbage-first heap   total 262144K, used 27648K [0x0000000701800000, 0x0000000800000000)
  region size 1024K, 24 young (24576K), 0 survivors (0K)
 Metaspace       used 12336K, capacity 12469K, committed 12800K, reserved 1060864K
  class space    used 1157K, capacity 1174K, committed 1280K, reserved 1048576K
}
Event: 0.477 GC heap after
{Heap after GC invocations=1 (full 0):
 garbage-first heap   total 262144K, used 5692K [0x0000000701800000, 0x0000000800000000)
  region size 1024K, 3 young (3072K), 3 survivors (3072K)
 Metaspace       used 12336K, capacity 12469K, committed 12800K, reserved 1060864K
  class space    used 1157K, capacity 1174K, committed 1280K, reserved 1048576K
}
Event: 0.971 GC heap before
{Heap before GC invocations=1 (full 0):
 garbage-first heap   total 262144K, used 42556K [0x0000000701800000, 0x0000000800000000)
  region size 1024K, 40 young (40960K), 3 survivors (3072K)
 Metaspace       used 20971K, capacity 21148K, committed 21248K, reserved 1069056K
  class space    used 2215K, capacity 2278K, committed 2304K, reserved 1048576K
}
Event: 0.986 GC heap after
{Heap after GC invocations=2 (full 0):
 garbage-first heap   total 262144K, used 9601K [0x0000000701800000, 0x0000000800000000)
  region size 1024K, 7 young (7168K), 7 survivors (7168K)
 Metaspace       used 20971K, capacity 21148K, committed 21248K, reserved 1069056K
  class space    used 2215K, capacity 2278K, committed 2304K, reserved 1048576K
}
Event: 1.718 GC heap before
{Heap before GC invocations=3 (full 0):
 garbage-first heap   total 262144K, used 68993K [0x0000000701800000, 0x0000000800000000)
  region size 1024K, 57 young (58368K), 7 survivors (7168K)
 Metaspace       used 32765K, capacity 33198K, committed 33536K, reserved 1079296K
  class space    used 4082K, capacity 4242K, committed 4352K, reserved 1048576K
}
Event: 1.728 GC heap after
{Heap after GC invocations=4 (full 0):
 garbage-first heap   total 262144K, used 22933K [0x0000000701800000, 0x0000000800000000)
  region size 1024K, 8 young (8192K), 8 survivors (8192K)
 Metaspace       used 32765K, capacity 33198K, committed 33536K, reserved 1079296K
  class space    used 4082K, capacity 4242K, committed 4352K, reserved 1048576K
}
Event: 1.866 GC heap before
{Heap before GC invocations=4 (full 0):
 garbage-first heap   total 262144K, used 33173K [0x0000000701800000, 0x0000000800000000)
  region size 1024K, 19 young (19456K), 8 survivors (8192K)
 Metaspace       used 35077K, capacity 35449K, committed 35584K, reserved 1081344K
  class space    used 4331K, capacity 4502K, committed 4608K, reserved 1048576K
}
Event: 1.877 GC heap after
{Heap after GC invocations=5 (full 0):
 garbage-first heap   total 262144K, used 24624K [0x0000000701800000, 0x0000000800000000)
  region size 1024K, 7 young (7168K), 7 survivors (7168K)
 Metaspace       used 35077K, capacity 35449K, committed 35584K, reserved 1081344K
  class space    used 4331K, capacity 4502K, committed 4608K, reserved 1048576K
}
Event: 2.570 GC heap before
{Heap before GC invocations=6 (full 0):
 garbage-first heap   total 262144K, used 75824K [0x0000000701800000, 0x0000000800000000)
  region size 1024K, 57 young (58368K), 7 survivors (7168K)
 Metaspace       used 45313K, capacity 45772K, committed 46080K, reserved 1089536K
  class space    used 5378K, capacity 5548K, committed 5632K, reserved 1048576K
}
Event: 2.579 GC heap after
{Heap after GC invocations=7 (full 0):
 garbage-first heap   total 262144K, used 30108K [0x0000000701800000, 0x0000000800000000)
  region size 1024K, 7 young (7168K), 7 survivors (7168K)
 Metaspace       used 45313K, capacity 45772K, committed 46080K, reserved 1089536K
  class space    used 5378K, capacity 5548K, committed 5632K, reserved 1048576K
}

Deoptimization events (20 events):
Event: 2.569 Thread 0x00000212d95ee000 Uncommon trap: trap_request=0xffffffc6 fr.pc=0x00000212e4ddd624 relative=0x00000000000005a4
Event: 2.569 Thread 0x00000212d95ee000 Uncommon trap: reason=bimorphic_or_optimized_type_check action=maybe_recompile pc=0x00000212e4ddd624 method=org.jetbrains.kotlin.protobuf.CodedInputStream.tryRefillBuffer(I)Z @ 177 c2
Event: 2.569 Thread 0x00000212d95ee000 DEOPT PACKING pc=0x00000212e4ddd624 sp=0x000000d1927f7680
Event: 2.569 Thread 0x00000212d95ee000 DEOPT UNPACKING pc=0x00000212dd2468af sp=0x000000d1927f7568 mode 2
Event: 2.582 Thread 0x00000212d95ee000 Uncommon trap: trap_request=0xffffffc6 fr.pc=0x00000212e4ddd624 relative=0x00000000000005a4
Event: 2.582 Thread 0x00000212d95ee000 Uncommon trap: reason=bimorphic_or_optimized_type_check action=maybe_recompile pc=0x00000212e4ddd624 method=org.jetbrains.kotlin.protobuf.CodedInputStream.tryRefillBuffer(I)Z @ 177 c2
Event: 2.582 Thread 0x00000212d95ee000 DEOPT PACKING pc=0x00000212e4ddd624 sp=0x000000d1927f7920
Event: 2.582 Thread 0x00000212d95ee000 DEOPT UNPACKING pc=0x00000212dd2468af sp=0x000000d1927f7808 mode 2
Event: 2.599 Thread 0x00000212d95ee000 DEOPT PACKING pc=0x00000212ddcbc27f sp=0x000000d1927f7a80
Event: 2.599 Thread 0x00000212d95ee000 DEOPT UNPACKING pc=0x00000212dd24705e sp=0x000000d1927f6ed0 mode 0
Event: 2.603 Thread 0x00000212d95ee000 Uncommon trap: trap_request=0xffffffc6 fr.pc=0x00000212e4ddd624 relative=0x00000000000005a4
Event: 2.603 Thread 0x00000212d95ee000 Uncommon trap: reason=bimorphic_or_optimized_type_check action=maybe_recompile pc=0x00000212e4ddd624 method=org.jetbrains.kotlin.protobuf.CodedInputStream.tryRefillBuffer(I)Z @ 177 c2
Event: 2.603 Thread 0x00000212d95ee000 DEOPT PACKING pc=0x00000212e4ddd624 sp=0x000000d1927f7de0
Event: 2.603 Thread 0x00000212d95ee000 DEOPT UNPACKING pc=0x00000212dd2468af sp=0x000000d1927f7cc8 mode 2
Event: 2.605 Thread 0x00000212d95ee000 Uncommon trap: trap_request=0xffffffc6 fr.pc=0x00000212e4ddcaec relative=0x000000000000028c
Event: 2.605 Thread 0x00000212d95ee000 Uncommon trap: reason=bimorphic_or_optimized_type_check action=maybe_recompile pc=0x00000212e4ddcaec method=org.jetbrains.kotlin.protobuf.CodedInputStream.tryRefillBuffer(I)Z @ 177 c2
Event: 2.605 Thread 0x00000212d95ee000 DEOPT PACKING pc=0x00000212e4ddcaec sp=0x000000d1927f7d90
Event: 2.605 Thread 0x00000212d95ee000 DEOPT UNPACKING pc=0x00000212dd2468af sp=0x000000d1927f7cc8 mode 2
Event: 2.668 Thread 0x00000212d95ee000 DEOPT PACKING pc=0x00000212ddcbc27f sp=0x000000d1927fa610
Event: 2.668 Thread 0x00000212d95ee000 DEOPT UNPACKING pc=0x00000212dd24705e sp=0x000000d1927f9a60 mode 0

Classes redefined (0 events):
No events

Internal exceptions (20 events):
Event: 0.937 Thread 0x00000212d95ee000 Exception <a 'java/lang/NoSuchMethodError'{0x000000070f32d450}: 'long java.lang.invoke.DirectMethodHandle$Holder.invokeStaticInit(java.lang.Object)'> (0x000000070f32d450) thrown at [./src/hotspot/share/interpreter/linkResolver.cpp, line 773]
Event: 0.993 Thread 0x00000212d95ee000 Exception <a 'java/lang/NoSuchMethodError'{0x0000000711753a48}: 'int java.lang.invoke.DirectMethodHandle$Holder.invokeStaticInit(java.lang.Object, java.lang.Object, java.lang.Object)'> (0x0000000711753a48) thrown at [./src/hotspot/share/interpreter/linkResolver.cpp, line 773]
Event: 0.998 Thread 0x00000212d95ee000 Exception <a 'java/lang/NoSuchMethodError'{0x000000071177f440}: 'int java.lang.invoke.DirectMethodHandle$Holder.invokeStaticInit(java.lang.Object, java.lang.Object)'> (0x000000071177f440) thrown at [./src/hotspot/share/interpreter/linkResolver.cpp, line 773]
Event: 1.157 Thread 0x00000212d95ee000 Exception <a 'java/lang/NoSuchMethodError'{0x0000000710d33e80}: 'java.lang.Object java.lang.invoke.DirectMethodHandle$Holder.invokeStatic(java.lang.Object, java.lang.Object, java.lang.Object, java.lang.Object, java.lang.Object, java.lang.Object, java.lang.Object, java.lang.Object, java.lang.Object, java.lang.Object, java.lang.Object, java.lang.Object, java.lang.Object, java.lang.Object, java.lang.Object)'> (0x0000000710d33e80) thrown at [./src/hotspot/share/interpreter/linkResolver.cpp, line 773]
Event: 1.159 Thread 0x00000212d95ee000 Exception <a 'java/lang/NoSuchMethodError'{0x0000000710d41e88}: 'java.lang.Object java.lang.invoke.DirectMethodHandle$Holder.invokeStatic(java.lang.Object, java.lang.Object, java.lang.Object, java.lang.Object, java.lang.Object, java.lang.Object, java.lang.Object, java.lang.Object, java.lang.Object, java.lang.Object, java.lang.Object, java.lang.Object, java.lang.Object, java.lang.Object, java.lang.Object, java.lang.Object)'> (0x0000000710d41e88) thrown at [./src/hotspot/share/interpreter/linkResolver.cpp, l
Event: 1.160 Thread 0x00000212d95ee000 Exception <a 'java/lang/NoSuchMethodError'{0x0000000710d4fda0}: 'java.lang.Object java.lang.invoke.DirectMethodHandle$Holder.invokeSpecial(java.lang.Object, java.lang.Object, int, int, java.lang.Object, java.lang.Object, java.lang.Object)'> (0x0000000710d4fda0) thrown at [./src/hotspot/share/interpreter/linkResolver.cpp, line 773]
Event: 1.160 Thread 0x00000212d95ee000 Exception <a 'java/lang/NoSuchMethodError'{0x0000000710d535d8}: 'java.lang.Object java.lang.invoke.DelegatingMethodHandle$Holder.reinvoke_L(java.lang.Object, int, int, java.lang.Object, java.lang.Object, java.lang.Object)'> (0x0000000710d535d8) thrown at [./src/hotspot/share/interpreter/linkResolver.cpp, line 773]
Event: 1.161 Thread 0x00000212d95ee000 Exception <a 'java/lang/NoSuchMethodError'{0x0000000710d57960}: 'java.lang.Object java.lang.invoke.DirectMethodHandle$Holder.invokeStatic(java.lang.Object, java.lang.Object, java.lang.Object, java.lang.Object, int)'> (0x0000000710d57960) thrown at [./src/hotspot/share/interpreter/linkResolver.cpp, line 773]
Event: 1.195 Thread 0x00000212d95ee000 Implicit null exception at 0x00000212e4d748ac to 0x00000212e4d74a5a
Event: 1.220 Thread 0x00000212d95ee000 Exception <a 'java/lang/NoSuchMethodError'{0x00000007108d1bd8}: 'void java.lang.invoke.DirectMethodHandle$Holder.invokeStatic(java.lang.Object, java.lang.Object, java.lang.Object, java.lang.Object)'> (0x00000007108d1bd8) thrown at [./src/hotspot/share/interpreter/linkResolver.cpp, line 773]
Event: 1.237 Thread 0x00000212d95ee000 Exception <a 'java/lang/NoSuchMethodError'{0x0000000710622568}: 'void java.lang.invoke.DirectMethodHandle$Holder.invokeSpecial(java.lang.Object, java.lang.Object)'> (0x0000000710622568) thrown at [./src/hotspot/share/interpreter/linkResolver.cpp, line 773]
Event: 1.267 Thread 0x00000212d95ee000 Exception <a 'java/lang/NoSuchMethodError'{0x00000007104c5b58}: 'void java.lang.invoke.DirectMethodHandle$Holder.invokeStaticInit(java.lang.Object, java.lang.Object)'> (0x00000007104c5b58) thrown at [./src/hotspot/share/interpreter/linkResolver.cpp, line 773]
Event: 1.272 Thread 0x00000212d95ee000 Exception <a 'java/lang/NoSuchMethodError'{0x0000000710304570}: 'void java.lang.invoke.DirectMethodHandle$Holder.invokeInterface(java.lang.Object, java.lang.Object)'> (0x0000000710304570) thrown at [./src/hotspot/share/interpreter/linkResolver.cpp, line 773]
Event: 1.330 Thread 0x00000212d95ee000 Exception <a 'java/lang/NoSuchMethodError'{0x000000070ff9c640}: 'void java.lang.invoke.DirectMethodHandle$Holder.invokeVirtual(java.lang.Object, java.lang.Object)'> (0x000000070ff9c640) thrown at [./src/hotspot/share/interpreter/linkResolver.cpp, line 773]
Event: 1.337 Thread 0x00000212d95ee000 Exception <a 'java/lang/NoSuchMethodError'{0x000000070fe13d98}: 'int java.lang.invoke.DirectMethodHandle$Holder.invokeVirtual(java.lang.Object, java.lang.Object)'> (0x000000070fe13d98) thrown at [./src/hotspot/share/interpreter/linkResolver.cpp, line 773]
Event: 1.817 Thread 0x00000212d95ee000 Exception <a 'java/lang/NoSuchMethodError'{0x000000071116d720}: 'java.lang.Object java.lang.invoke.DirectMethodHandle$Holder.invokeVirtual(java.lang.Object, java.lang.Object, java.lang.Object)'> (0x000000071116d720) thrown at [./src/hotspot/share/interpreter/linkResolver.cpp, line 773]
Event: 2.289 Thread 0x00000212d95ee000 Exception <a 'java/lang/NoSuchMethodError'{0x000000070efe2228}: 'java.lang.Object java.lang.invoke.Invokers$Holder.linkToTargetMethod(java.lang.Object, int, java.lang.Object)'> (0x000000070efe2228) thrown at [./src/hotspot/share/interpreter/linkResolver.cpp, line 773]
Event: 2.334 Thread 0x00000212d95ee000 Exception <a 'java/lang/NoSuchMethodError'{0x000000070ed75548}: 'java.lang.Object java.lang.invoke.DirectMethodHandle$Holder.invokeStatic(java.lang.Object, java.lang.Object, java.lang.Object, int)'> (0x000000070ed75548) thrown at [./src/hotspot/share/interpreter/linkResolver.cpp, line 773]
Event: 2.335 Thread 0x00000212d95ee000 Exception <a 'java/lang/NoSuchMethodError'{0x000000070ed791b8}: 'java.lang.Object java.lang.invoke.DirectMethodHandle$Holder.invokeSpecial(java.lang.Object, java.lang.Object, java.lang.Object, java.lang.Object, int)'> (0x000000070ed791b8) thrown at [./src/hotspot/share/interpreter/linkResolver.cpp, line 773]
Event: 2.335 Thread 0x00000212d95ee000 Exception <a 'java/lang/NoSuchMethodError'{0x000000070ed7c4c8}: 'java.lang.Object java.lang.invoke.Invokers$Holder.linkToTargetMethod(java.lang.Object, java.lang.Object, int, java.lang.Object)'> (0x000000070ed7c4c8) thrown at [./src/hotspot/share/interpreter/linkResolver.cpp, line 773]

Events (20 events):
Event: 2.618 loading class org/jetbrains/kotlin/metadata/ProtoBuf$Expression$ConstantValue
Event: 2.618 loading class org/jetbrains/kotlin/metadata/ProtoBuf$Expression$ConstantValue done
Event: 2.618 loading class org/jetbrains/kotlin/metadata/ProtoBuf$Expression$ConstantValue$1
Event: 2.618 loading class org/jetbrains/kotlin/metadata/ProtoBuf$Expression$ConstantValue$1 done
Event: 2.618 loading class org/jetbrains/kotlin/metadata/ProtoBuf$Effect$InvocationKind
Event: 2.618 loading class org/jetbrains/kotlin/metadata/ProtoBuf$Effect$InvocationKind done
Event: 2.618 loading class org/jetbrains/kotlin/metadata/ProtoBuf$Effect$InvocationKind$1
Event: 2.618 loading class org/jetbrains/kotlin/metadata/ProtoBuf$Effect$InvocationKind$1 done
Event: 2.621 loading class org/jetbrains/kotlin/metadata/ProtoBuf$TypeAlias
Event: 2.621 loading class org/jetbrains/kotlin/metadata/ProtoBuf$TypeAlias done
Event: 2.621 loading class org/jetbrains/kotlin/metadata/ProtoBuf$TypeAliasOrBuilder
Event: 2.621 loading class org/jetbrains/kotlin/metadata/ProtoBuf$TypeAliasOrBuilder done
Event: 2.622 loading class org/jetbrains/kotlin/metadata/ProtoBuf$TypeAlias$1
Event: 2.622 loading class org/jetbrains/kotlin/metadata/ProtoBuf$TypeAlias$1 done
Event: 2.628 loading class org/jetbrains/kotlin/metadata/deserialization/ProtoTypeTableUtilKt
Event: 2.628 loading class org/jetbrains/kotlin/metadata/deserialization/ProtoTypeTableUtilKt done
Event: 2.628 loading class org/jetbrains/kotlin/builtins/jvm/JvmBuiltInsSignatures
Event: 2.628 loading class org/jetbrains/kotlin/builtins/jvm/JvmBuiltInsSignatures done
Event: 2.629 loading class org/jetbrains/kotlin/load/kotlin/SignatureBuildingComponents
Event: 2.629 loading class org/jetbrains/kotlin/load/kotlin/SignatureBuildingComponents done


Dynamic libraries:
0x00007ff744ba0000 - 0x00007ff744baa000 	D:\Program Files\JetBrains\IntelliJ IDEA 2021.1.1\jbr\bin\java.exe
0x00007ffe4aec0000 - 0x00007ffe4b0c7000 	C:\WINDOWS\SYSTEM32\ntdll.dll
0x00007ffe48ef0000 - 0x00007ffe48fad000 	C:\WINDOWS\System32\KERNEL32.DLL
0x00007ffe48410000 - 0x00007ffe48784000 	C:\WINDOWS\System32\KERNELBASE.dll
0x00007ffe48ae0000 - 0x00007ffe48bf1000 	C:\WINDOWS\System32\ucrtbase.dll
0x00007ffe41510000 - 0x00007ffe41527000 	D:\Program Files\JetBrains\IntelliJ IDEA 2021.1.1\jbr\bin\VCRUNTIME140.dll
0x00007ffe41d10000 - 0x00007ffe41d29000 	D:\Program Files\JetBrains\IntelliJ IDEA 2021.1.1\jbr\bin\jli.dll
0x00007ffe49010000 - 0x00007ffe491bc000 	C:\WINDOWS\System32\USER32.dll
0x00007ffe33200000 - 0x00007ffe334a5000 	C:\WINDOWS\WinSxS\amd64_microsoft.windows.common-controls_6595b64144ccf1df_6.0.22000.120_none_9d947278b86cc467\COMCTL32.dll
0x00007ffe48d20000 - 0x00007ffe48d46000 	C:\WINDOWS\System32\win32u.dll
0x00007ffe4a9b0000 - 0x00007ffe4aa53000 	C:\WINDOWS\System32\msvcrt.dll
0x00007ffe495b0000 - 0x00007ffe495d9000 	C:\WINDOWS\System32\GDI32.dll
0x00007ffe48c00000 - 0x00007ffe48d12000 	C:\WINDOWS\System32\gdi32full.dll
0x00007ffe48810000 - 0x00007ffe488ad000 	C:\WINDOWS\System32\msvcp_win.dll
0x00007ffe49e50000 - 0x00007ffe49e81000 	C:\WINDOWS\System32\IMM32.DLL
0x00007ffdcafc0000 - 0x00007ffdcb05d000 	D:\Program Files\JetBrains\IntelliJ IDEA 2021.1.1\jbr\bin\msvcp140.dll
0x00007ffdcdba0000 - 0x00007ffdce6ea000 	D:\Program Files\JetBrains\IntelliJ IDEA 2021.1.1\jbr\bin\server\jvm.dll
0x00007ffe49da0000 - 0x00007ffe49e4c000 	C:\WINDOWS\System32\ADVAPI32.dll
0x00007ffe4ade0000 - 0x00007ffe4ae7d000 	C:\WINDOWS\System32\sechost.dll
0x00007ffe49260000 - 0x00007ffe49381000 	C:\WINDOWS\System32\RPCRT4.dll
0x00007ffe4ac20000 - 0x00007ffe4ac28000 	C:\WINDOWS\System32\PSAPI.DLL
0x00007ffe29b50000 - 0x00007ffe29b59000 	C:\WINDOWS\SYSTEM32\WSOCK32.dll
0x00007ffe41a10000 - 0x00007ffe41a43000 	C:\WINDOWS\SYSTEM32\WINMM.dll
0x00007ffe3e000000 - 0x00007ffe3e00a000 	C:\WINDOWS\SYSTEM32\VERSION.dll
0x00007ffe48d50000 - 0x00007ffe48dbf000 	C:\WINDOWS\System32\WS2_32.dll
0x00007ffe475c0000 - 0x00007ffe475d8000 	C:\WINDOWS\SYSTEM32\kernel.appcore.dll
0x00007ffdd0c30000 - 0x00007ffdd0c41000 	D:\Program Files\JetBrains\IntelliJ IDEA 2021.1.1\jbr\bin\verify.dll
0x00007ffe45ed0000 - 0x00007ffe460f1000 	C:\WINDOWS\SYSTEM32\DBGHELP.DLL
0x00007ffe379a0000 - 0x00007ffe379d1000 	C:\WINDOWS\SYSTEM32\dbgcore.DLL
0x00007ffe48790000 - 0x00007ffe48810000 	C:\WINDOWS\System32\bcryptPrimitives.dll
0x00007ffdd0c00000 - 0x00007ffdd0c29000 	D:\Program Files\JetBrains\IntelliJ IDEA 2021.1.1\jbr\bin\java.dll
0x00007ffe23f20000 - 0x00007ffe23f2b000 	D:\Program Files\JetBrains\IntelliJ IDEA 2021.1.1\jbr\bin\jimage.dll
0x00007ffdd0be0000 - 0x00007ffdd0bf8000 	D:\Program Files\JetBrains\IntelliJ IDEA 2021.1.1\jbr\bin\zip.dll
0x00007ffe495f0000 - 0x00007ffe49d99000 	C:\WINDOWS\System32\SHELL32.dll
0x00007ffe463d0000 - 0x00007ffe46c32000 	C:\WINDOWS\SYSTEM32\windows.storage.dll
0x00007ffe4a1c0000 - 0x00007ffe4a538000 	C:\WINDOWS\System32\combase.dll
0x00007ffe46260000 - 0x00007ffe463c6000 	C:\WINDOWS\SYSTEM32\wintypes.dll
0x00007ffe49f90000 - 0x00007ffe4a07a000 	C:\WINDOWS\System32\SHCORE.dll
0x00007ffe4a160000 - 0x00007ffe4a1bd000 	C:\WINDOWS\System32\shlwapi.dll
0x00007ffe482d0000 - 0x00007ffe482f1000 	C:\WINDOWS\SYSTEM32\profapi.dll
0x00007ffdd0bc0000 - 0x00007ffdd0bda000 	D:\Program Files\JetBrains\IntelliJ IDEA 2021.1.1\jbr\bin\net.dll
0x00007ffe40d40000 - 0x00007ffe40e4c000 	C:\WINDOWS\SYSTEM32\WINHTTP.dll
0x00007ffe479d0000 - 0x00007ffe47a37000 	C:\WINDOWS\system32\mswsock.dll
0x00007ffdd0ba0000 - 0x00007ffdd0bb4000 	D:\Program Files\JetBrains\IntelliJ IDEA 2021.1.1\jbr\bin\nio.dll

dbghelp: loaded successfully - version: 4.0.5 - missing functions: none
symbol engine: initialized successfully - sym options: 0x614 - pdb path: .;D:\Program Files\JetBrains\IntelliJ IDEA 2021.1.1\jbr\bin;C:\WINDOWS\SYSTEM32;C:\WINDOWS\WinSxS\amd64_microsoft.windows.common-controls_6595b64144ccf1df_6.0.22000.120_none_9d947278b86cc467;D:\Program Files\JetBrains\IntelliJ IDEA 2021.1.1\jbr\bin\server

VM Arguments:
java_command: org.jetbrains.kotlin.cli.jvm.K2JVMCompiler @D:\Skillbox\Android_lvl2\android_lvl2\views_and_animations\app\build\20210913_3903055986311549768.compiler.options
java_class_path (initial): C:\Users\korol\.gradle\caches\modules-2\files-2.1\org.jetbrains.kotlin\kotlin-compiler-embeddable\1.5.30\3362a354066df1578a057c200da23cf2a1d8144f\kotlin-compiler-embeddable-1.5.30.jar;C:\Users\korol\.gradle\caches\modules-2\files-2.1\org.jetbrains.kotlin\kotlin-reflect\1.5.30\6773e974437dd6432aa646cc2f8ab71de42b5773\kotlin-reflect-1.5.30.jar;C:\Users\korol\.gradle\caches\modules-2\files-2.1\org.jetbrains.kotlin\kotlin-stdlib\1.5.30\d68efdea04955974ac1020f8f66ef8176bfbce1f\kotlin-stdlib-1.5.30.jar;C:\Users\korol\.gradle\caches\modules-2\files-2.1\org.jetbrains.kotlin\kotlin-script-runtime\1.5.30\10697ab20bfd2f1b23baa91306950c36c4e89a8d\kotlin-script-runtime-1.5.30.jar;C:\Users\korol\.gradle\caches\modules-2\files-2.1\org.jetbrains.kotlin\kotlin-daemon-embeddable\1.5.30\e355dc9011e559a475608265607948109e113ae0\kotlin-daemon-embeddable-1.5.30.jar;C:\Users\korol\.gradle\caches\modules-2\files-2.1\org.jetbrains.intellij.deps\trove4j\1.0.20181211\216c2e14b070f334479d800987affe4054cd563f\trove4j-1.0.20181211.jar;C:\Users\korol\.gradle\caches\modules-2\files-2.1\org.jetbrains\annotations\13.0\919f0dfe192fb4e063e7dacadee7f8bb9a2672a9\annotations-13.0.jar;C:\Users\korol\.gradle\caches\modules-2\files-2.1\org.jetbrains.kotlin\kotlin-stdlib-common\1.5.30\649ffab7767038323fec0cc41e2d7b0a8f65a378\kotlin-stdlib-common-1.5.30.jar
Launcher Type: SUN_STANDARD

[Global flags]
     intx CICompilerCount                          = 4                                         {product} {ergonomic}
     uint ConcGCThreads                            = 2                                         {product} {ergonomic}
     uint G1ConcRefinementThreads                  = 8                                         {product} {ergonomic}
   size_t G1HeapRegionSize                         = 1048576                                   {product} {ergonomic}
    uintx GCDrainStackTargetSize                   = 64                                        {product} {ergonomic}
   size_t InitialHeapSize                          = 268435456                                 {product} {ergonomic}
   size_t MarkStackSize                            = 4194304                                   {product} {ergonomic}
   size_t MaxHeapSize                              = 4269801472                                {product} {ergonomic}
   size_t MaxNewSize                               = 2561671168                                {product} {ergonomic}
   size_t MinHeapDeltaBytes                        = 1048576                                   {product} {ergonomic}
    uintx NonNMethodCodeHeapSize                   = 5836300                                {pd product} {ergonomic}
    uintx NonProfiledCodeHeapSize                  = 122910970                              {pd product} {ergonomic}
    uintx ProfiledCodeHeapSize                     = 122910970                              {pd product} {ergonomic}
    uintx ReservedCodeCacheSize                    = 251658240                              {pd product} {ergonomic}
     bool SegmentedCodeCache                       = true                                      {product} {ergonomic}
     bool UseCompressedClassPointers               = true                                 {lp64_product} {ergonomic}
     bool UseCompressedOops                        = true                                 {lp64_product} {ergonomic}
     bool UseG1GC                                  = true                                      {product} {ergonomic}
     bool UseLargePagesIndividualAllocation        = false                                  {pd product} {ergonomic}

Logging:
Log output configuration:
 #0: stdout all=warning uptime,level,tags
 #1: stderr all=off uptime,level,tags

Environment Variables:
PATH=C:\WINDOWS\system32;C:\WINDOWS;C:\WINDOWS\System32\Wbem;C:\WINDOWS\System32\WindowsPowerShell\v1.0\;C:\WINDOWS\System32\OpenSSH\;C:\Program Files\Git\cmd;C:\Program Files (x86)\Intel\Intel(R) Management Engine Components\DAL;C:\Program Files\Intel\Intel(R) Management Engine Components\DAL;C:\Program Files\MySQL\MySQL Shell 8.0\bin\;C:\Users\korol\AppData\Local\Microsoft\WindowsApps;;d:\Program Files\JetBrains\IntelliJ IDEA 2021.1.1\bin;
USERNAME=korol
OS=Windows_NT
PROCESSOR_IDENTIFIER=Intel64 Family 6 Model 142 Stepping 10, GenuineIntel



---------------  S Y S T E M  ---------------

OS: Windows 10 , 64 bit Build 22000 (10.0.22000.120)
OS uptime: 0 days 9:12 hours

CPU:total 8 (initial active 8) (4 cores per cpu, 2 threads per core) family 6 model 142 stepping 10 microcode 0xea, cmov, cx8, fxsr, mmx, sse, sse2, sse3, ssse3, sse4.1, sse4.2, popcnt, avx, avx2, aes, clmul, erms, 3dnowpref, lzcnt, ht, tsc, tscinvbit, bmi1, bmi2, adx, fma

Memory: 4k page, system-wide physical 16281M (4402M free)
TotalPageFile size 17305M (AvailPageFile size 6M)
current process WorkingSet (physical memory assigned to process): 268M, peak: 273M
current process commit charge ("private bytes"): 477M, peak: 480M

vm_info: OpenJDK 64-Bit Server VM (11.0.11+9-b1504.16) for windows-amd64 JRE (11.0.11+9-b1504.16), built on Aug  9 2021 01:34:19 by "" with MS VC++ 14.0 (VS2015)

END.
